Start Migration
2
>>>>>>>>>>>>>>>>>>>>>>>>>>Add Server<<<<<<<<<<<<<<<<<<<<<<<<<<<
OK
OK
kvrockskvrockskvrockskvrockskvrocksnode1 0.0.0.0 40001
Adding nodes: [{'host': '127.0.0.1', 'port': '40002', 'master': None}]
Old topo: kvrockskvrockskvrockskvrockskvrocksnode1 0.0.0.0 40001 master - 0-16383 

Finished updating topo, version number: 2
b'OK'
Finished
>>>>>>>>>>>>>>>>>>>>>>>>>>Load Balance<<<<<<<<<<<<<<<<<<<<<<<<<
Migration method: 2
Cluster version: 100 Setting Response: OK 	 Client ID: 14
Cluster version: 100 Setting Response: OK 	 Client ID: 6
Cluster version: 200 Setting Response: OK 	 Client ID: 14
Cluster version: 200 Setting Response: OK 	 Client ID: 6
Cluster version: 300 Setting Response: OK 	 Client ID: 14
Cluster version: 300 Setting Response: OK 	 Client ID: 6
Cluster version: 400 Setting Response: OK 	 Client ID: 14
Cluster version: 400 Setting Response: OK 	 Client ID: 6
Cluster version: 500 Setting Response: OK 	 Client ID: 14
Cluster version: 500 Setting Response: OK 	 Client ID: 6
Cluster version: 600 Setting Response: OK 	 Client ID: 14
Cluster version: 600 Setting Response: OK 	 Client ID: 6
Cluster version: 700 Setting Response: OK 	 Client ID: 14
Cluster version: 700 Setting Response: OK 	 Client ID: 6
Cluster version: 800 Setting Response: OK 	 Client ID: 14
Cluster version: 800 Setting Response: OK 	 Client ID: 6
Cluster version: 900 Setting Response: OK 	 Client ID: 14
Cluster version: 900 Setting Response: OK 	 Client ID: 6
Cluster version: 1000 Setting Response: OK 	 Client ID: 14
Cluster version: 1000 Setting Response: OK 	 Client ID: 6
Cluster version: 1100 Setting Response: OK 	 Client ID: 14
Cluster version: 1100 Setting Response: OK 	 Client ID: 6
Cluster version: 1200 Setting Response: OK 	 Client ID: 14
Cluster version: 1200 Setting Response: OK 	 Client ID: 6
Cluster version: 1300 Setting Response: OK 	 Client ID: 14
Cluster version: 1300 Setting Response: OK 	 Client ID: 6
Cluster version: 1400 Setting Response: OK 	 Client ID: 14
Cluster version: 1400 Setting Response: OK 	 Client ID: 6
Cluster version: 1500 Setting Response: OK 	 Client ID: 14
Cluster version: 1500 Setting Response: OK 	 Client ID: 6
Cluster version: 1600 Setting Response: OK 	 Client ID: 14
Cluster version: 1600 Setting Response: OK 	 Client ID: 6
Cluster version: 1700 Setting Response: OK 	 Client ID: 14
Cluster version: 1700 Setting Response: OK 	 Client ID: 6
Cluster version: 1800 Setting Response: OK 	 Client ID: 14
Cluster version: 1800 Setting Response: OK 	 Client ID: 6
Cluster version: 1900 Setting Response: OK 	 Client ID: 14
Cluster version: 1900 Setting Response: OK 	 Client ID: 6
Cluster version: 2000 Setting Response: OK 	 Client ID: 14
Cluster version: 2000 Setting Response: OK 	 Client ID: 6
Cluster version: 2100 Setting Response: OK 	 Client ID: 14
Cluster version: 2100 Setting Response: OK 	 Client ID: 6
Cluster version: 2200 Setting Response: OK 	 Client ID: 14
Cluster version: 2200 Setting Response: OK 	 Client ID: 6
Cluster version: 2300 Setting Response: OK 	 Client ID: 14
Cluster version: 2300 Setting Response: OK 	 Client ID: 6
Cluster version: 2400 Setting Response: OK 	 Client ID: 14
Cluster version: 2400 Setting Response: OK 	 Client ID: 6
Cluster version: 2500 Setting Response: OK 	 Client ID: 14
Cluster version: 2500 Setting Response: OK 	 Client ID: 6
Cluster version: 2600 Setting Response: OK 	 Client ID: 14
Cluster version: 2600 Setting Response: OK 	 Client ID: 6
Cluster version: 2700 Setting Response: OK 	 Client ID: 14
Cluster version: 2700 Setting Response: OK 	 Client ID: 6
Cluster version: 2800 Setting Response: OK 	 Client ID: 14
Cluster version: 2800 Setting Response: OK 	 Client ID: 6
Cluster version: 2900 Setting Response: OK 	 Client ID: 14
Cluster version: 2900 Setting Response: OK 	 Client ID: 6
Cluster version: 3000 Setting Response: OK 	 Client ID: 14
Cluster version: 3000 Setting Response: OK 	 Client ID: 6
Cluster version: 3100 Setting Response: OK 	 Client ID: 14
Cluster version: 3100 Setting Response: OK 	 Client ID: 6
Cluster version: 3200 Setting Response: OK 	 Client ID: 14
Cluster version: 3200 Setting Response: OK 	 Client ID: 6
Cluster version: 3300 Setting Response: OK 	 Client ID: 14
Cluster version: 3300 Setting Response: OK 	 Client ID: 6
Cluster version: 3400 Setting Response: OK 	 Client ID: 14
Cluster version: 3400 Setting Response: OK 	 Client ID: 6
Cluster version: 3500 Setting Response: OK 	 Client ID: 14
Cluster version: 3500 Setting Response: OK 	 Client ID: 6
Cluster version: 3600 Setting Response: OK 	 Client ID: 14
Cluster version: 3600 Setting Response: OK 	 Client ID: 6
Cluster version: 3700 Setting Response: OK 	 Client ID: 14
Cluster version: 3700 Setting Response: OK 	 Client ID: 6
Cluster version: 3800 Setting Response: OK 	 Client ID: 14
Cluster version: 3800 Setting Response: OK 	 Client ID: 6
Cluster version: 3900 Setting Response: OK 	 Client ID: 14
Cluster version: 3900 Setting Response: OK 	 Client ID: 6
Cluster version: 4000 Setting Response: OK 	 Client ID: 14
Cluster version: 4000 Setting Response: OK 	 Client ID: 6
Cluster version: 4100 Setting Response: OK 	 Client ID: 14
Cluster version: 4100 Setting Response: OK 	 Client ID: 6
Cluster version: 4200 Setting Response: OK 	 Client ID: 14
Cluster version: 4200 Setting Response: OK 	 Client ID: 6
Cluster version: 4300 Setting Response: OK 	 Client ID: 14
Cluster version: 4300 Setting Response: OK 	 Client ID: 6
Cluster version: 4400 Setting Response: OK 	 Client ID: 14
Cluster version: 4400 Setting Response: OK 	 Client ID: 6
Cluster version: 4500 Setting Response: OK 	 Client ID: 14
Cluster version: 4500 Setting Response: OK 	 Client ID: 6
Cluster version: 4600 Setting Response: OK 	 Client ID: 14
Cluster version: 4600 Setting Response: OK 	 Client ID: 6
Cluster version: 4700 Setting Response: OK 	 Client ID: 14
Cluster version: 4700 Setting Response: OK 	 Client ID: 6
Cluster version: 4800 Setting Response: OK 	 Client ID: 14
Cluster version: 4800 Setting Response: OK 	 Client ID: 6
Cluster version: 4900 Setting Response: OK 	 Client ID: 14
Cluster version: 4900 Setting Response: OK 	 Client ID: 6
Cluster version: 5000 Setting Response: OK 	 Client ID: 14
Cluster version: 5000 Setting Response: OK 	 Client ID: 6
Cluster version: 5100 Setting Response: OK 	 Client ID: 14
Cluster version: 5100 Setting Response: OK 	 Client ID: 6
Cluster version: 5200 Setting Response: OK 	 Client ID: 14
Cluster version: 5200 Setting Response: OK 	 Client ID: 6
Cluster version: 5300 Setting Response: OK 	 Client ID: 14
Cluster version: 5300 Setting Response: OK 	 Client ID: 6
Cluster version: 5400 Setting Response: OK 	 Client ID: 14
Cluster version: 5400 Setting Response: OK 	 Client ID: 6
Cluster version: 5500 Setting Response: OK 	 Client ID: 14
Cluster version: 5500 Setting Response: OK 	 Client ID: 6
Cluster version: 5600 Setting Response: OK 	 Client ID: 14
Cluster version: 5600 Setting Response: OK 	 Client ID: 6
Cluster version: 5700 Setting Response: OK 	 Client ID: 14
Cluster version: 5700 Setting Response: OK 	 Client ID: 6
Cluster version: 5800 Setting Response: OK 	 Client ID: 14
Cluster version: 5800 Setting Response: OK 	 Client ID: 6
Cluster version: 5900 Setting Response: OK 	 Client ID: 14
Cluster version: 5900 Setting Response: OK 	 Client ID: 6
Cluster version: 6000 Setting Response: OK 	 Client ID: 14
Cluster version: 6000 Setting Response: OK 	 Client ID: 6
Cluster version: 6100 Setting Response: OK 	 Client ID: 14
Cluster version: 6100 Setting Response: OK 	 Client ID: 6
Cluster version: 6200 Setting Response: OK 	 Client ID: 14
Cluster version: 6200 Setting Response: OK 	 Client ID: 6
Cluster version: 6300 Setting Response: OK 	 Client ID: 14
Cluster version: 6300 Setting Response: OK 	 Client ID: 6
Cluster version: 6400 Setting Response: OK 	 Client ID: 14
Cluster version: 6400 Setting Response: OK 	 Client ID: 6
Cluster version: 6500 Setting Response: OK 	 Client ID: 14
Cluster version: 6500 Setting Response: OK 	 Client ID: 6
Cluster version: 6600 Setting Response: OK 	 Client ID: 14
Cluster version: 6600 Setting Response: OK 	 Client ID: 6
Cluster version: 6700 Setting Response: OK 	 Client ID: 14
Cluster version: 6700 Setting Response: OK 	 Client ID: 6
Cluster version: 6800 Setting Response: OK 	 Client ID: 14
Cluster version: 6800 Setting Response: OK 	 Client ID: 6
Cluster version: 6900 Setting Response: OK 	 Client ID: 14
Cluster version: 6900 Setting Response: OK 	 Client ID: 6
Cluster version: 7000 Setting Response: OK 	 Client ID: 14
Cluster version: 7000 Setting Response: OK 	 Client ID: 6
Cluster version: 7100 Setting Response: OK 	 Client ID: 14
Cluster version: 7100 Setting Response: OK 	 Client ID: 6
Cluster version: 7200 Setting Response: OK 	 Client ID: 14
Cluster version: 7200 Setting Response: OK 	 Client ID: 6
Cluster version: 7300 Setting Response: OK 	 Client ID: 14
Cluster version: 7300 Setting Response: OK 	 Client ID: 6
Cluster version: 7400 Setting Response: OK 	 Client ID: 14
Cluster version: 7400 Setting Response: OK 	 Client ID: 6
Cluster version: 7500 Setting Response: OK 	 Client ID: 14
Cluster version: 7500 Setting Response: OK 	 Client ID: 6
Cluster version: 7600 Setting Response: OK 	 Client ID: 14
Cluster version: 7600 Setting Response: OK 	 Client ID: 6
Cluster version: 7700 Setting Response: OK 	 Client ID: 14
Cluster version: 7700 Setting Response: OK 	 Client ID: 6
Cluster version: 7800 Setting Response: OK 	 Client ID: 14
Cluster version: 7800 Setting Response: OK 	 Client ID: 6
Cluster version: 7900 Setting Response: OK 	 Client ID: 14
Cluster version: 7900 Setting Response: OK 	 Client ID: 6
Cluster version: 8000 Setting Response: OK 	 Client ID: 14
Cluster version: 8000 Setting Response: OK 	 Client ID: 6
Cluster version: 8100 Setting Response: OK 	 Client ID: 14
Cluster version: 8100 Setting Response: OK 	 Client ID: 6
Migration Finished
